#
# There is insufficient memory for the Java Runtime Environment to continue.
# Native memory allocation (mmap) failed to map 134217728 bytes for G1 virtual space
# Possible reasons:
#   The system is out of physical RAM or swap space
#   The process is running with CompressedOops enabled, and the Java Heap may be blocking the growth of the native heap
# Possible solutions:
#   Reduce memory load on the system
#   Increase physical memory or swap space
#   Check if swap backing store is full
#   Decrease Java heap size (-Xmx/-Xms)
#   Decrease number of Java threads
#   Decrease Java thread stack sizes (-Xss)
#   Set larger code cache with -XX:ReservedCodeCacheSize=
#   JVM is running with Unscaled Compressed Oops mode in which the Java heap is
#     placed in the first 4GB address space. The Java Heap base address is the
#     maximum limit for the native heap growth. Please use -XX:HeapBaseMinAddress
#     to set the Java Heap base and to place the Java Heap above 4GB virtual address.
# This output file may be truncated or incomplete.
#
#  Out of Memory Error (os_windows.cpp:3469), pid=2176, tid=1032
#
# JRE version:  (17.0.1+12) (build )
# Java VM: OpenJDK 64-Bit Server VM (17.0.1+12, mixed mode, sharing, tiered, compressed oops, compressed class ptrs, g1 gc, windows-amd64)
# No core dump will be written. Minidumps are not enabled by default on client versions of Windows
#

---------------  S U M M A R Y ------------

Command Line: -Dfile.encoding=Cp1252 -XX:+ShowCodeDetailsInExceptionMessages topic_2_linkedlist_int.Main

Host: Intel(R) Core(TM) i5-8250U CPU @ 1.60GHz, 8 cores, 7G,  Windows 10 , 64 bit Build 19041 (10.0.19041.2788)
Time: Fri Oct 11 19:17:41 2024 Malay Peninsula Standard Time elapsed time: 0.010502 seconds (0d 0h 0m 0s)

---------------  T H R E A D  ---------------

Current thread (0x000001c42599ba80):  JavaThread "Unknown thread" [_thread_in_vm, id=1032, stack(0x0000006397200000,0x0000006397300000)]

Stack: [0x0000006397200000,0x0000006397300000]
Native frames: (J=compiled Java code, j=interpreted, Vv=VM code, C=native code)
V  [jvm.dll+0x6744da]
V  [jvm.dll+0x82e144]
V  [jvm.dll+0x82f8ee]
V  [jvm.dll+0x82ff53]
V  [jvm.dll+0x245175]
V  [jvm.dll+0x6714c9]
V  [jvm.dll+0x665f92]
V  [jvm.dll+0x303c3b]
V  [jvm.dll+0x30b176]
V  [jvm.dll+0x35af1e]
V  [jvm.dll+0x35b14f]
V  [jvm.dll+0x2dab78]
V  [jvm.dll+0x2dbae4]
V  [jvm.dll+0x7ffdf1]
V  [jvm.dll+0x368c91]
V  [jvm.dll+0x7df2cc]
V  [jvm.dll+0x3eb59f]
V  [jvm.dll+0x3ed121]
C  [jli.dll+0x5277]
C  [ucrtbase.dll+0x21bb2]
C  [KERNEL32.DLL+0x17604]
C  [ntdll.dll+0x526a1]


---------------  P R O C E S S  ---------------

Threads class SMR info:
_java_thread_list=0x00007ffb556c4e58, length=0, elements={
}

Java Threads: ( => current thread )

Other Threads:
  0x000001c4259d9640 GCTaskThread "GC Thread#0" [stack: 0x0000006397300000,0x0000006397400000] [id=5864]
  0x000001c4259ec820 ConcurrentGCThread "G1 Main Marker" [stack: 0x0000006397400000,0x0000006397500000] [id=5872]
  0x000001c4259ed0d0 ConcurrentGCThread "G1 Conc#0" [stack: 0x0000006397500000,0x0000006397600000] [id=8460]

[error occurred during error reporting (printing all threads), id 0xc0000005, EXCEPTION_ACCESS_VIOLATION (0xc0000005) at pc=0x00007ffb54e9b5f7]

VM state: not at safepoint (not fully initialized)

VM Mutex/Monitor currently owned by a thread:  ([mutex/lock_event])
[0x000001c4259978a0] Heap_lock - owner thread: 0x000001c42599ba80

Heap address: 0x0000000081e00000, size: 2018 MB, Compressed Oops mode: 32-bit

CDS archive(s) mapped at: [0x0000000000000000-0x0000000000000000-0x0000000000000000), size 0, SharedBaseAddress: 0x0000000800000000, ArchiveRelocationMode: 0.
Narrow klass base: 0x0000000000000000, Narrow klass shift: 0, Narrow klass range: 0x0

GC Precious Log:
<Empty>

Heap:
 garbage-first heap   total 0K, used 0K [0x0000000081e00000, 0x0000000100000000)
  region size 1024K, 0 young (0K), 0 survivors (0K)

[error occurred during error reporting (printing heap information), id 0xc0000005, EXCEPTION_ACCESS_VIOLATION (0xc0000005) at pc=0x00007ffb5527d729]

GC Heap History (0 events):
No events

Deoptimization events (0 events):
No events

Classes unloaded (0 events):
No events

Classes redefined (0 events):
No events

Internal exceptions (0 events):
No events

VM Operations (0 events):
No events

Events (1 events):
Event: 0.006 Loaded shared library C:\Users\Rangillas PC\.p2\pool\plugins\org.eclipse.justj.openjdk.hotspot.jre.full.win32.x86_64_17.0.1.v20211116-1657\jre\bin\java.dll


Dynamic libraries:
0x00007ff705b50000 - 0x00007ff705b5e000 	C:\Users\Rangillas PC\.p2\pool\plugins\org.eclipse.justj.openjdk.hotspot.jre.full.win32.x86_64_17.0.1.v20211116-1657\jre\bin\javaw.exe
0x00007ffbb52f0000 - 0x00007ffbb54e8000 	C:\Windows\SYSTEM32\ntdll.dll
0x00007ffbb51f0000 - 0x00007ffbb52af000 	C:\Windows\System32\KERNEL32.DLL
0x00007ffbb2f40000 - 0x00007ffbb321a000 	C:\Windows\System32\KERNELBASE.dll
0x00007ffbb3250000 - 0x00007ffbb3350000 	C:\Windows\System32\ucrtbase.dll
0x00007ffbae8b0000 - 0x00007ffbae8c8000 	C:\Users\Rangillas PC\.p2\pool\plugins\org.eclipse.justj.openjdk.hotspot.jre.full.win32.x86_64_17.0.1.v20211116-1657\jre\bin\jli.dll
0x00007ffba6290000 - 0x00007ffba62a9000 	C:\Users\Rangillas PC\.p2\pool\plugins\org.eclipse.justj.openjdk.hotspot.jre.full.win32.x86_64_17.0.1.v20211116-1657\jre\bin\VCRUNTIME140.dll
0x00007ffbb4780000 - 0x00007ffbb491d000 	C:\Windows\System32\USER32.dll
0x00007ffb9d2f0000 - 0x00007ffb9d58a000 	C:\Windows\WinSxS\amd64_microsoft.windows.common-controls_6595b64144ccf1df_6.0.19041.1110_none_60b5254171f9507e\COMCTL32.dll
0x00007ffbb3220000 - 0x00007ffbb3242000 	C:\Windows\System32\win32u.dll
0x00007ffbb4210000 - 0x00007ffbb42ae000 	C:\Windows\System32\msvcrt.dll
0x00007ffbb3be0000 - 0x00007ffbb3c0b000 	C:\Windows\System32\GDI32.dll
0x00007ffbb2c80000 - 0x00007ffbb2d90000 	C:\Windows\System32\gdi32full.dll
0x00007ffbb2be0000 - 0x00007ffbb2c7d000 	C:\Windows\System32\msvcp_win.dll
0x00007ffbb3cc0000 - 0x00007ffbb3cf0000 	C:\Windows\System32\IMM32.DLL
0x00007ffbae890000 - 0x00007ffbae89c000 	C:\Users\Rangillas PC\.p2\pool\plugins\org.eclipse.justj.openjdk.hotspot.jre.full.win32.x86_64_17.0.1.v20211116-1657\jre\bin\vcruntime140_1.dll
0x00007ffb957f0000 - 0x00007ffb95881000 	C:\Users\Rangillas PC\.p2\pool\plugins\org.eclipse.justj.openjdk.hotspot.jre.full.win32.x86_64_17.0.1.v20211116-1657\jre\bin\msvcp140.dll
0x00007ffb54bb0000 - 0x00007ffb557f6000 	C:\Users\Rangillas PC\.p2\pool\plugins\org.eclipse.justj.openjdk.hotspot.jre.full.win32.x86_64_17.0.1.v20211116-1657\jre\bin\server\jvm.dll
0x00007ffbb3c10000 - 0x00007ffbb3cbe000 	C:\Windows\System32\ADVAPI32.dll
0x00007ffbb46b0000 - 0x00007ffbb474c000 	C:\Windows\System32\sechost.dll
0x00007ffbb4e60000 - 0x00007ffbb4f86000 	C:\Windows\System32\RPCRT4.dll
0x00007ffbb4200000 - 0x00007ffbb4208000 	C:\Windows\System32\PSAPI.DLL
0x00007ffbae800000 - 0x00007ffbae809000 	C:\Windows\SYSTEM32\WSOCK32.dll
0x00007ffba8c30000 - 0x00007ffba8c57000 	C:\Windows\SYSTEM32\WINMM.dll
0x00007ffbab210000 - 0x00007ffbab21a000 	C:\Windows\SYSTEM32\VERSION.dll
0x00007ffbb3b70000 - 0x00007ffbb3bdb000 	C:\Windows\System32\WS2_32.dll
0x00007ffbb07e0000 - 0x00007ffbb07f2000 	C:\Windows\SYSTEM32\kernel.appcore.dll
0x00007ffbae7f0000 - 0x00007ffbae7fa000 	C:\Users\Rangillas PC\.p2\pool\plugins\org.eclipse.justj.openjdk.hotspot.jre.full.win32.x86_64_17.0.1.v20211116-1657\jre\bin\jimage.dll
0x00007ffba80f0000 - 0x00007ffba82d4000 	C:\Windows\SYSTEM32\DBGHELP.DLL
0x00007ffb973f0000 - 0x00007ffb97424000 	C:\Windows\SYSTEM32\dbgcore.DLL
0x00007ffbb2eb0000 - 0x00007ffbb2f32000 	C:\Windows\System32\bcryptPrimitives.dll
0x00007ffbae780000 - 0x00007ffbae7a5000 	C:\Users\Rangillas PC\.p2\pool\plugins\org.eclipse.justj.openjdk.hotspot.jre.full.win32.x86_64_17.0.1.v20211116-1657\jre\bin\java.dll

dbghelp: loaded successfully - version: 4.0.5 - missing functions: none
symbol engine: initialized successfully - sym options: 0x614 - pdb path: .;C:\Users\Rangillas PC\.p2\pool\plugins\org.eclipse.justj.openjdk.hotspot.jre.full.win32.x86_64_17.0.1.v20211116-1657\jre\bin;C:\Windows\SYSTEM32;C:\Windows\WinSxS\amd64_microsoft.windows.common-controls_6595b64144ccf1df_6.0.19041.1110_none_60b5254171f9507e;C:\Users\Rangillas PC\.p2\pool\plugins\org.eclipse.justj.openjdk.hotspot.jre.full.win32.x86_64_17.0.1.v20211116-1657\jre\bin\server

VM Arguments:
jvm_args: -Dfile.encoding=Cp1252 -XX:+ShowCodeDetailsInExceptionMessages 
java_command: topic_2_linkedlist_int.Main
java_class_path (initial): C:\Users\Rangillas PC\git\it20-1
Launcher Type: SUN_STANDARD

[Global flags]
     intx CICompilerCount                          = 4                                         {product} {ergonomic}
     uint ConcGCThreads                            = 2                                         {product} {ergonomic}
     uint G1ConcRefinementThreads                  = 8                                         {product} {ergonomic}
   size_t G1HeapRegionSize                         = 1048576                                   {product} {ergonomic}
    uintx GCDrainStackTargetSize                   = 64                                        {product} {ergonomic}
   size_t InitialHeapSize                          = 134217728                                 {product} {ergonomic}
   size_t MarkStackSize                            = 4194304                                   {product} {ergonomic}
   size_t MaxHeapSize                              = 2116026368                                {product} {ergonomic}
   size_t MinHeapDeltaBytes                        = 1048576                                   {product} {ergonomic}
   size_t MinHeapSize                              = 8388608                                   {product} {ergonomic}
    uintx NonNMethodCodeHeapSize                   = 5839372                                {pd product} {ergonomic}
    uintx NonProfiledCodeHeapSize                  = 122909434                              {pd product} {ergonomic}
    uintx ProfiledCodeHeapSize                     = 122909434                              {pd product} {ergonomic}
    uintx ReservedCodeCacheSize                    = 251658240                              {pd product} {ergonomic}
     bool SegmentedCodeCache                       = true                                      {product} {ergonomic}
     bool ShowCodeDetailsInExceptionMessages       = true                                   {manageable} {command line}
   size_t SoftMaxHeapSize                          = 2116026368                             {manageable} {ergonomic}
     bool UseCompressedClassPointers               = true                           {product lp64_product} {ergonomic}
     bool UseCompressedOops                        = true                           {product lp64_product} {ergonomic}
     bool UseG1GC                                  = true                                      {product} {ergonomic}
     bool UseLargePagesIndividualAllocation        = false                                  {pd product} {ergonomic}

Logging:
Log output configuration:
 #0: stdout all=warning uptime,level,tags
 #1: stderr all=off uptime,level,tags

Environment Variables:
PATH=C:/Users/Rangillas PC/.p2/pool/plugins/org.eclipse.justj.openjdk.hotspot.jre.full.win32.x86_64_17.0.1.v20211116-1657/jre/bin/server;C:/Users/Rangillas PC/.p2/pool/plugins/org.eclipse.justj.openjdk.hotspot.jre.full.win32.x86_64_17.0.1.v20211116-1657/jre/bin;C:\Windows\system32;C:\Windows;C:\Windows\System32\Wbem;C:\Windows\System32\WindowsPowerShell\v1.0\;C:\Windows\System32\OpenSSH\;C:\Program Files\dotnet\;C:\Program Files\Git\cmd;C:\Program Files\nodejs\;C:\Program Files\nodejs;C:\Program Files (x86)\NVIDIA Corporation\PhysX\Common;C:\xampp\php;C:\xampp\htdocs\sms notification\SMS;C:\xampp\htdocs\Sms\SMS;;C:\Program Files\NVIDIA Corporation\NVIDIA app\NvDLISR;C:\Users\Rangillas PC\AppData\Local\Microsoft\WindowsApps;C:\Users\Rangillas PC\AppData\Roaming\npm;C:\xampp\php;C:\xampp\htdocs\sms notification\SMS;C:\xampp\htdocs\Sms\SMS;C:\Users\Rangillas PC\AppData\Local\Programs\Microsoft VS Code\bin;C:\Users\Rangillas PC\Desktop;
USERNAME=Rangillas PC
OS=Windows_NT
PROCESSOR_IDENTIFIER=Intel64 Family 6 Model 142 Stepping 10, GenuineIntel



---------------  S Y S T E M  ---------------

OS:
 Windows 10 , 64 bit Build 19041 (10.0.19041.2788)
OS uptime: 0 days 1:19 hours

CPU: total 8 (initial active 8) (4 cores per cpu, 2 threads per core) family 6 model 142 stepping 10 microcode 0xb4, cx8, cmov, fxsr, ht, mmx, 3dnowpref, sse, sse2, sse3, ssse3, sse4.1, sse4.2, popcnt, lzcnt, tsc, tscinvbit, avx, avx2, aes, erms, clmul, bmi1, bmi2, adx, fma, vzeroupper, clflush, clflushopt

Memory: 4k page, system-wide physical 8069M (2252M free)
TotalPageFile size 8069M (AvailPageFile size 16M)
current process WorkingSet (physical memory assigned to process): 10M, peak: 10M
current process commit charge ("private bytes"): 59M, peak: 187M

vm_info: OpenJDK 64-Bit Server VM (17.0.1+12) for windows-amd64 JRE (17.0.1+12), built on Oct 20 2021 07:42:55 by "" with MS VC++ 16.7 (VS2019)

END.
